============================= test session starts ==============================
platform linux -- Python 3.7.12, pytest-6.2.4, py-1.11.0, pluggy-1.0.0.dev0 -- /home/greg/warp_dev/bin/python
cachedir: .pytest_cache
rootdir: /home/greg/dev/nethermind/warp
plugins: pylama-8.3.6, pytest_check-1.0.4, parallel-0.1.1, web3-5.25.0, typeguard-2.13.2, asyncio-0.16.0
collecting ... collected 1270 items / 1191 deselected / 79 selected
run-last-failure: rerun previous 79 failures
pytest-parallel: 20 workers (processes), 1 test per worker (thread)

tests/semantic/test_semantics.py::test_semantics[/home/greg/dev/nethermind/warp/tests/semantic/solidity/test/libsolidity/semanticTests/dirty_calldata_dynamic_array.sol] 
tests/semantic/test_semantics.py::test_semantics[/home/greg/dev/nethermind/warp/tests/semantic/solidity/test/libsolidity/semanticTests/various/positive_integers_to_signed.sol] 
tests/semantic/test_semantics.py::test_semantics[/home/greg/dev/nethermind/warp/tests/semantic/solidity/test/libsolidity/semanticTests/various/byte_optimization_bug.sol] 
tests/semantic/test_semantics.py::test_semantics[/home/greg/dev/nethermind/warp/tests/semantic/solidity/test/libsolidity/semanticTests/calldata/calldata_bytes_to_memory.sol] 
tests/semantic/test_semantics.py::test_semantics[/home/greg/dev/nethermind/warp/tests/semantic/solidity/test/libsolidity/semanticTests/storage/packed_storage_signed.sol] 
tests/semantic/test_semantics.py::test_semantics[/home/greg/dev/nethermind/warp/tests/semantic/solidity/test/libsolidity/semanticTests/storage/chop_sign_bits.sol] 
tests/semantic/test_semantics.py::test_semantics[/home/greg/dev/nethermind/warp/tests/semantic/solidity/test/libsolidity/semanticTests/modifiers/continue_in_modifier.sol] 
tests/semantic/test_semantics.py::test_semantics[/home/greg/dev/nethermind/warp/tests/semantic/solidity/test/libsolidity/semanticTests/modifiers/modifer_recursive.sol] 
tests/semantic/test_semantics.py::test_semantics[/home/greg/dev/nethermind/warp/tests/semantic/solidity/test/libsolidity/semanticTests/arithmetics/exp_associativity.sol] 
tests/semantic/test_semantics.py::test_semantics[/home/greg/dev/nethermind/warp/tests/semantic/solidity/test/libsolidity/semanticTests/abiEncoderV2/abi_encode_calldata_slice.sol] 
tests/semantic/test_semantics.py::test_semantics[/home/greg/dev/nethermind/warp/tests/semantic/solidity/test/libsolidity/semanticTests/abiEncoderV2/struct/struct_validation.sol] 
tests/semantic/test_semantics.py::test_semantics[/home/greg/dev/nethermind/warp/tests/semantic/solidity/test/libsolidity/semanticTests/array/byte_array_transitional_2.sol] 
tests/semantic/test_semantics.py::test_semantics[/home/greg/dev/nethermind/warp/tests/semantic/solidity/test/libsolidity/semanticTests/array/byte_array_storage_layout.sol] 
tests/semantic/test_semantics.py::test_semantics[/home/greg/dev/nethermind/warp/tests/semantic/solidity/test/libsolidity/semanticTests/array/delete/delete_storage_array.sol] 
tests/semantic/test_semantics.py::test_semantics[/home/greg/dev/nethermind/warp/tests/semantic/solidity/test/libsolidity/semanticTests/array/slices/array_slice_calldata_as_argument_of_external_calls.sol] 
tests/semantic/test_semantics.py::test_semantics[/home/greg/dev/nethermind/warp/tests/semantic/solidity/test/libsolidity/semanticTests/array/indexAccess/index_access.sol] 
tests/semantic/test_semantics.py::test_semantics[/home/greg/dev/nethermind/warp/tests/semantic/solidity/test/libsolidity/semanticTests/array/concat/bytes_concat_as_argument.sol] 
tests/semantic/test_semantics.py::test_semantics[/home/greg/dev/nethermind/warp/tests/semantic/solidity/test/libsolidity/semanticTests/array/indexAccess/fixed_bytes_index_access.sol] 
tests/semantic/test_semantics.py::test_semantics[/home/greg/dev/nethermind/warp/tests/semantic/solidity/test/libsolidity/semanticTests/array/copying/bytes_storage_to_storage.sol] 
tests/semantic/test_semantics.py::test_semantics[/home/greg/dev/nethermind/warp/tests/semantic/solidity/test/libsolidity/semanticTests/array/copying/array_copy_storage_abi_signed.sol] FAILED
tests/semantic/test_semantics.py::test_semantics[/home/greg/dev/nethermind/warp/tests/semantic/solidity/test/libsolidity/semanticTests/various/byte_optimization_bug.sol] FAILED
tests/semantic/test_semantics.py::test_semantics[/home/greg/dev/nethermind/warp/tests/semantic/solidity/test/libsolidity/semanticTests/array/copying/copy_byte_array_to_storage.sol] 
tests/semantic/test_semantics.py::test_semantics[/home/greg/dev/nethermind/warp/tests/semantic/solidity/test/libsolidity/semanticTests/dirty_calldata_dynamic_array.sol] FAILEDFAILED
tests/semantic/test_semantics.py::test_semantics[/home/greg/dev/nethermind/warp/tests/semantic/solidity/test/libsolidity/semanticTests/array/copying/array_copy_target_leftover.sol] 
tests/semantic/test_semantics.py::test_semantics[/home/greg/dev/nethermind/warp/tests/semantic/solidity/test/libsolidity/semanticTests/abiEncoderV2/struct/struct_validation.sol] FAILEDFAILED
tests/semantic/test_semantics.py::test_semantics[/home/greg/dev/nethermind/warp/tests/semantic/solidity/test/libsolidity/semanticTests/array/push/byte_array_push_transition.sol] 
tests/semantic/test_semantics.py::test_semantics[/home/greg/dev/nethermind/warp/tests/semantic/solidity/test/libsolidity/semanticTests/calldata/calldata_bytes_to_memory.sol] FAILEDFAILED
tests/semantic/test_semantics.py::test_semantics[/home/greg/dev/nethermind/warp/tests/semantic/solidity/test/libsolidity/semanticTests/optimizer/shift_bytes.sol] 
tests/semantic/test_semantics.py::test_semantics[/home/greg/dev/nethermind/warp/tests/semantic/solidity/test/libsolidity/semanticTests/storage/packed_storage_signed.sol] FAILEDFAILED
tests/semantic/test_semantics.py::test_semantics[/home/greg/dev/nethermind/warp/tests/semantic/solidity/test/libsolidity/semanticTests/viaYul/function_address.sol] 
tests/semantic/test_semantics.py::test_semantics[/home/greg/dev/nethermind/warp/tests/semantic/solidity/test/libsolidity/semanticTests/array/concat/bytes_concat_as_argument.sol] FAILEDFAILED
tests/semantic/test_semantics.py::test_semantics[/home/greg/dev/nethermind/warp/tests/semantic/solidity/test/libsolidity/semanticTests/viaYul/array_storage_length_access.sol] 